<?xml version="1.0" encoding="UTF-8"?>
<!-- Generated by org.testng.reporters.JUnitReportReporter -->
<testsuite hostname="Neha" name="heartkeeper.OnBoardHealer" tests="3" failures="0" timestamp="20 Sep 2016 06:05:54 GMT" time="38.620" errors="0">
  <testcase name="adminlogin" time="0.593" classname="heartkeeper.OnBoardHealer"/>
  <testcase name="onboardhealerpayment" time="4.082" classname="heartkeeper.OnBoardHealer"/>
  <testcase name="onboardhealer" time="33.945" classname="heartkeeper.OnBoardHealer"/>
</testsuite> <!-- heartkeeper.OnBoardHealer -->
