<?xml version="1.0" encoding="UTF-8"?>
<!-- Generated by org.testng.reporters.JUnitReportReporter -->
<testsuite hostname="Neha" name="heartkeeper.Profile" tests="3" failures="0" timestamp="20 Sep 2016 06:05:54 GMT" time="36.300" errors="0">
  <testcase name="profile" time="32.199" classname="heartkeeper.Profile"/>
  <testcase name="logout" time="2.614" classname="heartkeeper.Profile"/>
  <testcase name="login" time="1.487" classname="heartkeeper.Profile"/>
</testsuite> <!-- heartkeeper.Profile -->
