<?xml version="1.0" encoding="UTF-8"?>
<!-- Generated by org.testng.reporters.JUnitReportReporter -->
<testsuite hostname="Neha" name="heartkeeper.SpecifyBreakup" tests="3" failures="0" timestamp="20 Sep 2016 06:05:54 GMT" time="13.103" errors="0">
  <testcase name="logout" time="2.411" classname="heartkeeper.SpecifyBreakup"/>
  <testcase name="specifybreakup" time="9.374" classname="heartkeeper.SpecifyBreakup"/>
  <testcase name="login" time="1.318" classname="heartkeeper.SpecifyBreakup"/>
</testsuite> <!-- heartkeeper.SpecifyBreakup -->
