<?xml version="1.0" encoding="UTF-8"?>
<!-- Generated by org.testng.reporters.JUnitReportReporter -->
<testsuite hostname="Neha" name="heartkeeper.HealerProfile" tests="3" failures="0" timestamp="26 Sep 2016 05:57:11 GMT" time="9.690" errors="0">
  <testcase name="profile" time="4.119" classname="heartkeeper.HealerProfile"/>
  <testcase name="healerlogin" time="4.580" classname="heartkeeper.HealerProfile"/>
  <testcase name="editprofile" time="0.991" classname="heartkeeper.HealerProfile"/>
</testsuite> <!-- heartkeeper.HealerProfile -->
