<?xml version="1.0" encoding="UTF-8"?>
<!-- Generated by org.testng.reporters.JUnitReportReporter -->
<testsuite hostname="Neha" name="heartkeeper.Signup" tests="4" failures="0" timestamp="3 Jan 2017 11:50:40 GMT" time="23.422" errors="0">
  <testcase name="signupexisting" time="9.717" classname="heartkeeper.Signup"/>
  <testcase name="signupblank" time="4.798" classname="heartkeeper.Signup"/>
  <testcase name="clear" time="3.179" classname="heartkeeper.Signup"/>
  <testcase name="signuppositive" time="5.728" classname="heartkeeper.Signup"/>
</testsuite> <!-- heartkeeper.Signup -->
