<?xml version="1.0" encoding="UTF-8"?>
<!-- Generated by org.testng.reporters.JUnitReportReporter -->
<testsuite hostname="Neha" name="heartkeeper.HeartKeeper" tests="1" failures="0" timestamp="7 Sep 2016 11:47:53 GMT" time="73.854" errors="0">
  <testcase name="loginMain" time="73.854" classname="heartkeeper.HeartKeeper"/>
</testsuite> <!-- heartkeeper.HeartKeeper -->
